Warning[207] C:\USERS\ASUS\DOCUMENTS\LIFE\COLLEGE\Y4 S2\BRAZO\CODIGO\BRAZOFINAL.X\BRAZO.ASM 43 : Found label after column 1. (PUSH)
Warning[207] C:\USERS\ASUS\DOCUMENTS\LIFE\COLLEGE\Y4 S2\BRAZO\CODIGO\BRAZOFINAL.X\BRAZO.ASM 47 : Found label after column 1. (ISR)
Warning[207] C:\USERS\ASUS\DOCUMENTS\LIFE\COLLEGE\Y4 S2\BRAZO\CODIGO\BRAZOFINAL.X\BRAZO.ASM 75 : Found label after column 1. (POP)
Message[302] C:\USERS\ASUS\DOCUMENTS\LIFE\COLLEGE\Y4 S2\BRAZO\CODIGO\BRAZOFINAL.X\BRAZO.ASM 145 : Register in operand not in bank 0.  Ensure that bank bits are correct.
Message[302] C:\USERS\ASUS\DOCUMENTS\LIFE\COLLEGE\Y4 S2\BRAZO\CODIGO\BRAZOFINAL.X\BRAZO.ASM 146 : Register in operand not in bank 0.  Ensure that bank bits are correct.
Message[302] C:\USERS\ASUS\DOCUMENTS\LIFE\COLLEGE\Y4 S2\BRAZO\CODIGO\BRAZOFINAL.X\BRAZO.ASM 147 : Register in operand not in bank 0.  Ensure that bank bits are correct.
Message[302] C:\USERS\ASUS\DOCUMENTS\LIFE\COLLEGE\Y4 S2\BRAZO\CODIGO\BRAZOFINAL.X\BRAZO.ASM 154 : Register in operand not in bank 0.  Ensure that bank bits are correct.
Message[302] C:\USERS\ASUS\DOCUMENTS\LIFE\COLLEGE\Y4 S2\BRAZO\CODIGO\BRAZOFINAL.X\BRAZO.ASM 155 : Register in operand not in bank 0.  Ensure that bank bits are correct.
Message[302] C:\USERS\ASUS\DOCUMENTS\LIFE\COLLEGE\Y4 S2\BRAZO\CODIGO\BRAZOFINAL.X\BRAZO.ASM 157 : Register in operand not in bank 0.  Ensure that bank bits are correct.
Message[302] C:\USERS\ASUS\DOCUMENTS\LIFE\COLLEGE\Y4 S2\BRAZO\CODIGO\BRAZOFINAL.X\BRAZO.ASM 160 : Register in operand not in bank 0.  Ensure that bank bits are correct.
Message[302] C:\USERS\ASUS\DOCUMENTS\LIFE\COLLEGE\Y4 S2\BRAZO\CODIGO\BRAZOFINAL.X\BRAZO.ASM 161 : Register in operand not in bank 0.  Ensure that bank bits are correct.
Message[302] C:\USERS\ASUS\DOCUMENTS\LIFE\COLLEGE\Y4 S2\BRAZO\CODIGO\BRAZOFINAL.X\BRAZO.ASM 167 : Register in operand not in bank 0.  Ensure that bank bits are correct.
Message[302] C:\USERS\ASUS\DOCUMENTS\LIFE\COLLEGE\Y4 S2\BRAZO\CODIGO\BRAZOFINAL.X\BRAZO.ASM 175 : Register in operand not in bank 0.  Ensure that bank bits are correct.
Message[302] C:\USERS\ASUS\DOCUMENTS\LIFE\COLLEGE\Y4 S2\BRAZO\CODIGO\BRAZOFINAL.X\BRAZO.ASM 176 : Register in operand not in bank 0.  Ensure that bank bits are correct.
Message[302] C:\USERS\ASUS\DOCUMENTS\LIFE\COLLEGE\Y4 S2\BRAZO\CODIGO\BRAZOFINAL.X\BRAZO.ASM 177 : Register in operand not in bank 0.  Ensure that bank bits are correct.
Message[302] C:\USERS\ASUS\DOCUMENTS\LIFE\COLLEGE\Y4 S2\BRAZO\CODIGO\BRAZOFINAL.X\BRAZO.ASM 178 : Register in operand not in bank 0.  Ensure that bank bits are correct.
Message[302] C:\USERS\ASUS\DOCUMENTS\LIFE\COLLEGE\Y4 S2\BRAZO\CODIGO\BRAZOFINAL.X\BRAZO.ASM 179 : Register in operand not in bank 0.  Ensure that bank bits are correct.
Message[302] C:\USERS\ASUS\DOCUMENTS\LIFE\COLLEGE\Y4 S2\BRAZO\CODIGO\BRAZOFINAL.X\BRAZO.ASM 181 : Register in operand not in bank 0.  Ensure that bank bits are correct.
Message[302] C:\USERS\ASUS\DOCUMENTS\LIFE\COLLEGE\Y4 S2\BRAZO\CODIGO\BRAZOFINAL.X\BRAZO.ASM 182 : Register in operand not in bank 0.  Ensure that bank bits are correct.
Message[302] C:\USERS\ASUS\DOCUMENTS\LIFE\COLLEGE\Y4 S2\BRAZO\CODIGO\BRAZOFINAL.X\BRAZO.ASM 193 : Register in operand not in bank 0.  Ensure that bank bits are correct.
Message[302] C:\USERS\ASUS\DOCUMENTS\LIFE\COLLEGE\Y4 S2\BRAZO\CODIGO\BRAZOFINAL.X\BRAZO.ASM 219 : Register in operand not in bank 0.  Ensure that bank bits are correct.
Message[302] C:\USERS\ASUS\DOCUMENTS\LIFE\COLLEGE\Y4 S2\BRAZO\CODIGO\BRAZOFINAL.X\BRAZO.ASM 220 : Register in operand not in bank 0.  Ensure that bank bits are correct.
Message[302] C:\USERS\ASUS\DOCUMENTS\LIFE\COLLEGE\Y4 S2\BRAZO\CODIGO\BRAZOFINAL.X\BRAZO.ASM 221 : Register in operand not in bank 0.  Ensure that bank bits are correct.
Message[302] C:\USERS\ASUS\DOCUMENTS\LIFE\COLLEGE\Y4 S2\BRAZO\CODIGO\BRAZOFINAL.X\BRAZO.ASM 226 : Register in operand not in bank 0.  Ensure that bank bits are correct.
Message[302] C:\USERS\ASUS\DOCUMENTS\LIFE\COLLEGE\Y4 S2\BRAZO\CODIGO\BRAZOFINAL.X\BRAZO.ASM 227 : Register in operand not in bank 0.  Ensure that bank bits are correct.
Message[302] C:\USERS\ASUS\DOCUMENTS\LIFE\COLLEGE\Y4 S2\BRAZO\CODIGO\BRAZOFINAL.X\BRAZO.ASM 228 : Register in operand not in bank 0.  Ensure that bank bits are correct.
Message[302] C:\USERS\ASUS\DOCUMENTS\LIFE\COLLEGE\Y4 S2\BRAZO\CODIGO\BRAZOFINAL.X\BRAZO.ASM 229 : Register in operand not in bank 0.  Ensure that bank bits are correct.
Message[302] C:\USERS\ASUS\DOCUMENTS\LIFE\COLLEGE\Y4 S2\BRAZO\CODIGO\BRAZOFINAL.X\BRAZO.ASM 231 : Register in operand not in bank 0.  Ensure that bank bits are correct.
Message[302] C:\USERS\ASUS\DOCUMENTS\LIFE\COLLEGE\Y4 S2\BRAZO\CODIGO\BRAZOFINAL.X\BRAZO.ASM 239 : Register in operand not in bank 0.  Ensure that bank bits are correct.
Message[302] C:\USERS\ASUS\DOCUMENTS\LIFE\COLLEGE\Y4 S2\BRAZO\CODIGO\BRAZOFINAL.X\BRAZO.ASM 240 : Register in operand not in bank 0.  Ensure that bank bits are correct.
Message[302] C:\USERS\ASUS\DOCUMENTS\LIFE\COLLEGE\Y4 S2\BRAZO\CODIGO\BRAZOFINAL.X\BRAZO.ASM 242 : Register in operand not in bank 0.  Ensure that bank bits are correct.
Message[302] C:\USERS\ASUS\DOCUMENTS\LIFE\COLLEGE\Y4 S2\BRAZO\CODIGO\BRAZOFINAL.X\BRAZO.ASM 243 : Register in operand not in bank 0.  Ensure that bank bits are correct.
Message[302] C:\USERS\ASUS\DOCUMENTS\LIFE\COLLEGE\Y4 S2\BRAZO\CODIGO\BRAZOFINAL.X\BRAZO.ASM 244 : Register in operand not in bank 0.  Ensure that bank bits are correct.
Message[305] C:\USERS\ASUS\DOCUMENTS\LIFE\COLLEGE\Y4 S2\BRAZO\CODIGO\BRAZOFINAL.X\BRAZO.ASM 268 : Using default destination of 1 (file).
Message[305] C:\USERS\ASUS\DOCUMENTS\LIFE\COLLEGE\Y4 S2\BRAZO\CODIGO\BRAZOFINAL.X\BRAZO.ASM 275 : Using default destination of 1 (file).
