MPASM 5.77                         BRAZO.ASM   11-11-2018  23:23:40         PAGE  1


LOC  OBJECT CODE     LINE SOURCE TEXT
  VALUE

                      00001 ;***************************
                      00002 ;                                                                              *
                      00003 ;    Filename:    Serial.asm
                      00004 ;    Autor: José Eduardo Morales                                        
                      00005 ;    Description: EJEMPLO de serial y ADC                                      *
                      00006 ;   El código convierte un valor del adc y lo guarda en el puerto b. A la vez
                      00007 ;   lo envía a través del TX. También recibe un dato y este lo muestra en el 
                      00008 ;   puerto d. Para ver funcionar ambos se puede colocar un jumper entre rx y tx
                      00009 ;***************************
                      00010 #include "p16f887.inc"
                      00001         LIST
                      00002 
                      00003 ;==========================================================================
                      00004 ; Build date : Nov 22 2017
                      00005 ;  MPASM PIC16F887 processor include
                      00006 ; 
                      00007 ;  (c) Copyright 1999-2017 Microchip Technology, All rights reserved
                      00008 ;==========================================================================
                      00009 
                      00810         LIST
                      00011 
                      00012 ; CONFIG1
                      00013 ; __config 0xE0F4
2007   20D4           00014  __CONFIG _CONFIG1, _FOSC_INTRC_NOCLKOUT & _WDTE_OFF & _PWRTE_OFF & _MCLRE_OFF & _CP_OFF & _CPD_OFF & _B
                            OREN_OFF & _IESO_OFF & _FCMEN_OFF & _LVP_OFF
                      00015 ; CONFIG2
                      00016 ; __config 0xFFFF
2008   3FFF           00017  __CONFIG _CONFIG2, _BOR4V_BOR40V & _WRT_OFF
                      00018 ;***************************
                      00019 GPR_VAR        UDATA
0000                  00020 W_TEMP         RES        1      ; w register for context saving (ACCESS)
0001                  00021 STATUS_TEMP    RES        1      ; status used for context saving
0002                  00022 LEIDO          RES        1
0003                  00023 PROBAR1        RES        1
0004                  00024 PROBAR2        RES        1
0005                  00025 DELAY1         RES        1
0006                  00026 DELAY2         RES        1
0007                  00027 POT1           RES        1
0008                  00028 POT2           RES        1
0009                  00029 POT3           RES        1
000A                  00030 POT3S          RES        1
000B                  00031 POTCONT        RES        1            
000C                  00032 POT4           RES        1
000D                  00033 POT4S          RES        1
                      00034 ;***************************
                      00035 ; Reset Vector
                      00036 ;***************************
                      00037 
                      00038 RES_VECT  CODE    0x0000            ; processor reset vector
0000   2???           00039     GOTO    START                   ; go to beginning of program
                      00040 
                      00041 ISR_VECT  CODE    0x0004
                      00042   
MPASM 5.77                         BRAZO.ASM   11-11-2018  23:23:40         PAGE  2


LOC  OBJECT CODE     LINE SOURCE TEXT
  VALUE

Warning[207]: Found label after column 1. (PUSH)
0004                  00043     PUSH:
0004   00??           00044     MOVWF W_TEMP
0005   0E03           00045     SWAPF STATUS,W
0006   00??           00046     MOVWF STATUS_TEMP
Warning[207]: Found label after column 1. (ISR)
0007                  00047   ISR:
0007   110B           00048     BCF INTCON, T0IF
0008   30F2           00049     MOVLW .242
0009   0081           00050     MOVWF TMR0
000A   3004           00051     MOVLW .4
000B   07??           00052     ADDWF POTCONT,1
000C   0C??           00053     RRF     POT3, 0
000D   00??           00054     MOVWF   POT3S
000E   0C??           00055     RRF     POT3S,0
000F   393F           00056     ANDLW   B'00111111'
0010   02??           00057     SUBWF   POTCONT,0
0011   1803           00058     BTFSC STATUS,C
0012   1006           00059     BCF PORTB,0
0013   1C03           00060     BTFSS STATUS,C
0014   1406           00061     BSF PORTB,0
                      00062     
0015   0C??           00063     RRF     POT4, 0
0016   00??           00064     MOVWF   POT4S
0017   0C??           00065     RRF     POT4S,0
0018   393F           00066     ANDLW   B'00111111'
0019   02??           00067     SUBWF   POTCONT,0
001A   1803           00068     BTFSC STATUS,C
001B   1086           00069     BCF PORTB,1
001C   1C03           00070     BTFSS STATUS,C
001D   1486           00071     BSF PORTB,1
                      00072     
                      00073     
                      00074     
Warning[207]: Found label after column 1. (POP)
001E                  00075   POP:
001E   0E??           00076     SWAPF STATUS_TEMP,W
001F   0083           00077     MOVWF STATUS
0020   0E??           00078     SWAPF W_TEMP,F
0021   0E??           00079     SWAPF W_TEMP,W
0022   0009           00080     RETFIE      
                      00081     
                      00082     
                      00083 ;***************************
                      00084 ; MAIN PROGRAM
                      00085 ;***************************
                      00086 
                      00087 MAIN_PROG CODE                      ; let linker place main program
                      00088 
0000                  00089 START
                      00090 ;***************************
0000   2???           00091     CALL    CONFIG_RELOJ                ; RELOJ INTERNO DE 500KHz
0001   2???           00092     CALL    CONFIG_IO
MPASM 5.77                         BRAZO.ASM   11-11-2018  23:23:40         PAGE  3


LOC  OBJECT CODE     LINE SOURCE TEXT
  VALUE

0002   2???           00093     CALL    CONFIG_PWM
0003   2???           00094     CALL    CONFIG_TX_RX                ; 10417hz
0004   2???           00095     CALL    CONFIG_ADC                  ; canal 0, fosc/8, adc on, justificado a la izquierda, Vref inte
                            rno (0-5V)
0005   2???           00096     CALL    CONFIG_TMR0
0006   1283 1303      00097     BANKSEL PORTA
                      00098 ;***************************
                      00099    
                      00100 ;***************************
                      00101 ; CICLO INFINITO
                      00102 ;***************************
0008                  00103 LOOP:
0008   2???           00104     CALL    DELAY_50MS
0009   149F           00105     BSF     ADCON0, GO              ; EMPIEZA LA CONVERSIÓN
000A                  00106 CHECK_AD:
000A   189F           00107     BTFSC   ADCON0, GO                  ; revisa que terminó la conversión
000B   2???           00108     GOTO    $-1
000C   130C           00109     BCF     PIR1, ADIF                  ; borramos la bandera del adc
000D   081E           00110     MOVF    ADRESH, W
000E   00??           00111     MOVWF   POT1
000F   00??           00112     MOVWF   POT3
0010   00??           00113     MOVWF   POT4        ; mueve adresh a LEIDO
                      00114     
0011                  00115 CHECK_RCIF:                         ; RECIBE EN RX y lo muestra en PORTD
0011   1E8C           00116     BTFSS   PIR1, RCIF
0012   2???           00117     GOTO    CHECK_TXIF
0013   081A           00118     MOVF    RCREG, W
                      00119 
0014   00??           00120     MOVWF   PROBAR1
                      00121 
                      00122     
0015                  00123 SERVO:
0015   0C??           00124     RRF     PROBAR1, 0
0016   00??           00125     MOVWF   PROBAR2
0017   0C??           00126     RRF     PROBAR2,0
0018   393F           00127     ANDLW   B'00111111'
0019   0095           00128     MOVWF   CCPR1L
                      00129 
                      00130     
001A                  00131 CHECK_TXIF: 
001A   08??           00132     MOVFW   POT1                    ; ENVÍA PORTB POR EL TX
001B   0099           00133     MOVWF   TXREG
                      00134    
001C   1E0C           00135     BTFSS   PIR1, TXIF
001D   2???           00136     GOTO    $-1
                      00137     
001E   2???           00138     GOTO LOOP
                      00139 ;***************************
                      00140 ;*************************** 
                      00141 ;***************************    
001F                  00142 CONFIG_RELOJ
001F   1683 1303      00143     BANKSEL TRISA
                      00144     
MPASM 5.77                         BRAZO.ASM   11-11-2018  23:23:40         PAGE  4


LOC  OBJECT CODE     LINE SOURCE TEXT
  VALUE

Message[302]: Register in operand not in bank 0.  Ensure that bank bits are correct.
0021   170F           00145     BSF OSCCON, IRCF2
Message[302]: Register in operand not in bank 0.  Ensure that bank bits are correct.
0022   128F           00146     BCF OSCCON, IRCF1
Message[302]: Register in operand not in bank 0.  Ensure that bank bits are correct.
0023   120F           00147     BCF OSCCON, IRCF0               ; FRECUECNIA DE 1MHz
                      00148 
0024   0008           00149     RETURN
                      00150  
                      00151  ;--------------------------------------------------------
0025                  00152 CONFIG_TX_RX
0025   1683 1303      00153     BANKSEL TXSTA
Message[302]: Register in operand not in bank 0.  Ensure that bank bits are correct.
0027   1218           00154     BCF     TXSTA, SYNC             ; ASINCRÓNO
Message[302]: Register in operand not in bank 0.  Ensure that bank bits are correct.
0028   1518           00155     BSF     TXSTA, BRGH             ; LOW SPEED
0029   1683 1703      00156     BANKSEL BAUDCTL
Message[302]: Register in operand not in bank 0.  Ensure that bank bits are correct.
002B   1587           00157     BSF     BAUDCTL, BRG16          ; 8 BITS BAURD RATE GENERATOR
002C   1683 1303      00158     BANKSEL SPBRG
002E   3019           00159     MOVLW   .25     
Message[302]: Register in operand not in bank 0.  Ensure that bank bits are correct.
002F   0099           00160     MOVWF   SPBRG                   ; CARGAMOS EL VALOR DE BAUDRATE CALCULADO
Message[302]: Register in operand not in bank 0.  Ensure that bank bits are correct.
0030   019A           00161     CLRF    SPBRGH
0031   1283 1303      00162     BANKSEL RCSTA
0033   1798           00163     BSF     RCSTA, SPEN             ; HABILITAR SERIAL PORT
0034   1318           00164     BCF     RCSTA, RX9              ; SOLO MANEJAREMOS 8BITS DE DATOS
0035   1618           00165     BSF     RCSTA, CREN             ; HABILITAMOS LA RECEPCIÓN 
0036   1683 1303      00166     BANKSEL TXSTA
Message[302]: Register in operand not in bank 0.  Ensure that bank bits are correct.
0038   1698           00167     BSF     TXSTA, TXEN             ; HABILITO LA TRANSMISION
                      00168     
0039   1283 1303      00169     BANKSEL PORTD
003B   0188           00170     CLRF    PORTD
003C   0008           00171     RETURN
                      00172 ;--------------------------------------
003D                  00173 CONFIG_IO
003D   1683 1303      00174     BANKSEL TRISA
Message[302]: Register in operand not in bank 0.  Ensure that bank bits are correct.
003F   0185           00175     CLRF    TRISA
Message[302]: Register in operand not in bank 0.  Ensure that bank bits are correct.
0040   0186           00176     CLRF    TRISB
Message[302]: Register in operand not in bank 0.  Ensure that bank bits are correct.
0041   0187           00177     CLRF    TRISC
Message[302]: Register in operand not in bank 0.  Ensure that bank bits are correct.
0042   0188           00178     CLRF    TRISD
Message[302]: Register in operand not in bank 0.  Ensure that bank bits are correct.
0043   0189           00179     CLRF    TRISE
0044   1683 1703      00180     BANKSEL ANSEL
Message[302]: Register in operand not in bank 0.  Ensure that bank bits are correct.
0046   0188           00181     CLRF    ANSEL
Message[302]: Register in operand not in bank 0.  Ensure that bank bits are correct.
MPASM 5.77                         BRAZO.ASM   11-11-2018  23:23:40         PAGE  5


LOC  OBJECT CODE     LINE SOURCE TEXT
  VALUE

0047   0189           00182     CLRF    ANSELH
0048   1283 1303      00183     BANKSEL PORTA
004A   0185           00184     CLRF    PORTA
004B   0186           00185     CLRF    PORTB
004C   0187           00186     CLRF    PORTC
004D   0188           00187     CLRF    PORTD
004E   0189           00188     CLRF    PORTE
004F   0008           00189     RETURN    
                      00190 ;--------------------------------------
0050                  00191 CONFIG_PWM
0050   30FF           00192     MOVLW   D'255'
Message[302]: Register in operand not in bank 0.  Ensure that bank bits are correct.
0051   0092           00193     MOVWF   PR2
0052   0195           00194     CLRF    CCPR1L
0053   303C           00195     MOVLW   B'00111100'
0054   0097           00196     MOVWF   CCP1CON
0055   019B           00197     CLRF    CCPR2L
0056   300F           00198     MOVLW   B'00001111'
0057   009D           00199     MOVWF   CCP2CON
0058   0189           00200     CLRF    PORTE
0059   0187           00201     CLRF    PORTC
005A   3041           00202     MOVLW   B'01000001'
005B   009F           00203     MOVWF   ADCON0
005C   1283 1303      00204     BANKSEL PORTC
005E   3006           00205     MOVLW   B'00000110'
005F   0092           00206     MOVWF   T2CON
0060   0008           00207     RETURN 
                      00208 ;-----------------------------------------------
0061                  00209 CONFIG_ADC
0061   1283 1303      00210     BANKSEL PORTA
0063   139F           00211     BCF ADCON0, ADCS1 
0064   171F           00212     BSF ADCON0, ADCS0           ; FOSC/8 RELOJ TAD
                      00213     
0065   129F           00214     BCF ADCON0, CHS3            ; CH0
0066   121F           00215     BCF ADCON0, CHS2
0067   119F           00216     BCF ADCON0, CHS1
0068   111F           00217     BCF ADCON0, CHS0    
0069   1683 1303      00218     BANKSEL TRISA
Message[302]: Register in operand not in bank 0.  Ensure that bank bits are correct.
006B   139F           00219     BCF ADCON1, ADFM            ; JUSTIFICACIÓN A LA IZQUIERDA
Message[302]: Register in operand not in bank 0.  Ensure that bank bits are correct.
006C   129F           00220     BCF ADCON1, VCFG1           ; VSS COMO REFERENCIA VREF-
Message[302]: Register in operand not in bank 0.  Ensure that bank bits are correct.
006D   121F           00221     BCF ADCON1, VCFG0           ; VDD COMO REFERENCIA VREF+
006E   1283 1303      00222     BANKSEL PORTA
0070   141F           00223     BSF ADCON0, ADON            ; ENCIENDO EL MÓDULO ADC
                      00224     
0071   1683 1303      00225     BANKSEL TRISA
Message[302]: Register in operand not in bank 0.  Ensure that bank bits are correct.
0073   1405           00226     BSF     TRISA, RA0          ; RA0 COMO ENTRADA
Message[302]: Register in operand not in bank 0.  Ensure that bank bits are correct.
0074   1485           00227     BSF     TRISA, RA1
Message[302]: Register in operand not in bank 0.  Ensure that bank bits are correct.
MPASM 5.77                         BRAZO.ASM   11-11-2018  23:23:40         PAGE  6


LOC  OBJECT CODE     LINE SOURCE TEXT
  VALUE

0075   1505           00228     BSF     TRISA, RA2
Message[302]: Register in operand not in bank 0.  Ensure that bank bits are correct.
0076   1585           00229     BSF     TRISA, RA3
0077   1683 1703      00230     BANKSEL ANSEL
Message[302]: Register in operand not in bank 0.  Ensure that bank bits are correct.
0079   1408           00231     BSF     ANSEL, 0            ; ANS0 COMO ENTRADA ANALÓGICA
                      00232     
007A   0008           00233     RETURN
                      00234 ;-----------------------------------------------
007B                  00235 CONFIG_TMR0
007B   1683           00236     BSF STATUS, RP0
007C   1303           00237     BCF STATUS, RP1         ; CAMBIAMOS AL BANCO 1
                      00238     
Message[302]: Register in operand not in bank 0.  Ensure that bank bits are correct.
007D   1281           00239     BCF OPTION_REG, T0CS    ; SELECCIONAMOS TMR0 COMO TEMPORIZADOR
Message[302]: Register in operand not in bank 0.  Ensure that bank bits are correct.
007E   1181           00240     BCF OPTION_REG, PSA     ; ASIGNAMOS PRESCALER A TMR0
                      00241     
Message[302]: Register in operand not in bank 0.  Ensure that bank bits are correct.
007F   1101           00242     BCF OPTION_REG, PS2
Message[302]: Register in operand not in bank 0.  Ensure that bank bits are correct.
0080   1081           00243     BCF OPTION_REG, PS1
Message[302]: Register in operand not in bank 0.  Ensure that bank bits are correct.
0081   1001           00244     BCF OPTION_REG, PS0     ; PRESCALER DE 2
                      00245     
0082   1283           00246     BCF STATUS, RP0
0083   1303           00247     BCF STATUS, RP1         ; CAMBIAMOS AL BANCO 0
                      00248     
0084   178B           00249     BSF  INTCON, GIE
0085   168B           00250     BSF  INTCON, T0IE
0086   130B           00251     BCF  INTCON, PEIE
0087   110B           00252     BCF INTCON, T0IF        ; APAGO LA BANDERA DE INTERRUPCION DEL TMR0
                      00253     
0088   30F2           00254     MOVLW .242
0089   0081           00255     MOVWF TMR0  
                      00256     
                      00257     
                      00258     
                      00259     
                      00260     
                      00261     
                      00262 ;------------------------------------------------
                      00263     
008A                  00264 DELAY_50MS
008A   3032           00265     MOVLW   .50             ; 1US 
008B   00??           00266     MOVWF   DELAY2
008C   2???           00267     CALL    DELAY_500US
Message[305]: Using default destination of 1 (file).
008D   0B??           00268     DECFSZ  DELAY2                  ;DECREMENTA CONT1
008E   2???           00269     GOTO    $-2                     ; IR A LA POSICION DEL PC - 1
008F   0008           00270     RETURN
                      00271     
0090                  00272 DELAY_500US
MPASM 5.77                         BRAZO.ASM   11-11-2018  23:23:40         PAGE  7


LOC  OBJECT CODE     LINE SOURCE TEXT
  VALUE

0090   30FA           00273     MOVLW   .250                    ; 1US 
0091   00??           00274     MOVWF   DELAY1          
Message[305]: Using default destination of 1 (file).
0092   0B??           00275     DECFSZ  DELAY1                  ;DECREMENTA CONT1
0093   2???           00276     GOTO    $-1                     ; IR A LA POSICION DEL PC - 1
0094   0008           00277     RETURN
                      00278 
                      00279     
20D4 3FFF             00280     END
MPASM 5.77                         BRAZO.ASM   11-11-2018  23:23:40         PAGE  8


SYMBOL TABLE
  LABEL                             VALUE 

ABDEN                             00000000
ABDOVF                            00000007
ACKDT                             00000005
ACKEN                             00000004
ACKSTAT                           00000006
ADCON0                            0000001F
ADCON1                            0000009F
ADCS0                             00000006
ADCS1                             00000007
ADDEN                             00000003
ADFM                              00000007
ADIE                              00000006
ADIF                              00000006
ADON                              00000000
ADRESH                            0000001E
ADRESL                            0000009E
ANS0                              00000000
ANS1                              00000001
ANS10                             00000002
ANS11                             00000003
ANS12                             00000004
ANS13                             00000005
ANS2                              00000002
ANS3                              00000003
ANS4                              00000004
ANS5                              00000005
ANS6                              00000006
ANS7                              00000007
ANS8                              00000000
ANS9                              00000001
ANSEL                             00000188
ANSELH                            00000189
BAUDCTL                           00000187
BCLIE                             00000003
BCLIF                             00000003
BF                                00000000
BRG0                              00000000
BRG1                              00000001
BRG10                             00000002
BRG11                             00000003
BRG12                             00000004
BRG13                             00000005
BRG14                             00000006
BRG15                             00000007
BRG16                             00000003
BRG2                              00000002
BRG3                              00000003
BRG4                              00000004
BRG5                              00000005
BRG6                              00000006
BRG7                              00000007
BRG8                              00000000
BRG9                              00000001
MPASM 5.77                         BRAZO.ASM   11-11-2018  23:23:40         PAGE  9


SYMBOL TABLE
  LABEL                             VALUE 

BRGH                              00000002
C                                 00000000
C1CH0                             00000000
C1CH1                             00000001
C1IE                              00000005
C1IF                              00000005
C1OE                              00000005
C1ON                              00000007
C1OUT                             00000006
C1POL                             00000004
C1R                               00000002
C1RSEL                            00000005
C1SEN                             00000005
C2CH0                             00000000
C2CH1                             00000001
C2IE                              00000006
C2IF                              00000006
C2OE                              00000005
C2ON                              00000007
C2OUT                             00000006
C2POL                             00000004
C2R                               00000002
C2REN                             00000004
C2RSEL                            00000004
C2SYNC                            00000000
CCP1CON                           00000017
CCP1IE                            00000002
CCP1IF                            00000002
CCP1M0                            00000000
CCP1M1                            00000001
CCP1M2                            00000002
CCP1M3                            00000003
CCP1X                             00000005
CCP1Y                             00000004
CCP2CON                           0000001D
CCP2IE                            00000000
CCP2IF                            00000000
CCP2M0                            00000000
CCP2M1                            00000001
CCP2M2                            00000002
CCP2M3                            00000003
CCP2X                             00000005
CCP2Y                             00000004
CCPR1                             00000015
CCPR1H                            00000016
CCPR1L                            00000015
CCPR2                             0000001B
CCPR2H                            0000001C
CCPR2L                            0000001B
CHECK_AD                          0000000A
CHECK_RCIF                        00000011
CHECK_TXIF                        0000001A
CHS0                              00000002
MPASM 5.77                         BRAZO.ASM   11-11-2018  23:23:40         PAGE 10


SYMBOL TABLE
  LABEL                             VALUE 

CHS1                              00000003
CHS2                              00000004
CHS3                              00000005
CKE                               00000006
CKP                               00000004
CM1CON0                           00000107
CM2CON0                           00000108
CM2CON1                           00000109
CONFIG_ADC                        00000061
CONFIG_IO                         0000003D
CONFIG_PWM                        00000050
CONFIG_RELOJ                      0000001F
CONFIG_TMR0                       0000007B
CONFIG_TX_RX                      00000025
CREN                              00000004
CSRC                              00000007
D                                 00000005
DATA_ADDRESS                      00000005
DC                                00000001
DC1B0                             00000004
DC1B1                             00000005
DC2B0                             00000004
DC2B1                             00000005
DELAY1                            00000005
DELAY2                            00000006
DELAY_500US                       00000090
DELAY_50MS                        0000008A
D_A                               00000005
D_NOT_A                           00000005
ECCPAS                            0000009C
ECCPAS0                           00000004
ECCPAS1                           00000005
ECCPAS2                           00000006
ECCPASE                           00000007
EEADR                             0000010D
EEADRH                            0000010F
EECON1                            0000018C
EECON2                            0000018D
EEDAT                             0000010C
EEDATA                            0000010C
EEDATH                            0000010E
EEIE                              00000004
EEIF                              00000004
EEPGD                             00000007
F                                 00000001
FERR                              00000002
FSR                               00000004
FVREN                             00000000
GCEN                              00000007
GIE                               00000007
GO                                00000001
GO_DONE                           00000001
GO_NOT_DONE                       00000001
MPASM 5.77                         BRAZO.ASM   11-11-2018  23:23:40         PAGE 11


SYMBOL TABLE
  LABEL                             VALUE 

HTS                               00000002
I2C_DATA                          00000005
I2C_READ                          00000002
I2C_START                         00000003
I2C_STOP                          00000004
INDF                              00000000
INTCON                            0000000B
INTE                              00000004
INTEDG                            00000006
INTF                              00000001
IOCB                              00000096
IOCB0                             00000000
IOCB1                             00000001
IOCB2                             00000002
IOCB3                             00000003
IOCB4                             00000004
IOCB5                             00000005
IOCB6                             00000006
IOCB7                             00000007
IRCF0                             00000004
IRCF1                             00000005
IRCF2                             00000006
IRP                               00000007
ISR                               00000007
LEIDO                             00000002
LOOP                              00000008
LTS                               00000001
MC1OUT                            00000007
MC2OUT                            00000006
MSK                               00000093
MSK0                              00000000
MSK1                              00000001
MSK2                              00000002
MSK3                              00000003
MSK4                              00000004
MSK5                              00000005
MSK6                              00000006
MSK7                              00000007
NOT_A                             00000005
NOT_ADDRESS                       00000005
NOT_BO                            00000000
NOT_BOR                           00000000
NOT_DONE                          00000001
NOT_PD                            00000003
NOT_POR                           00000001
NOT_RBPU                          00000007
NOT_RC8                           00000006
NOT_T1SYNC                        00000002
NOT_TO                            00000004
NOT_TX8                           00000006
NOT_W                             00000002
NOT_WRITE                         00000002
OERR                              00000001
MPASM 5.77                         BRAZO.ASM   11-11-2018  23:23:40         PAGE 12


SYMBOL TABLE
  LABEL                             VALUE 

OPTION_REG                        00000081
OSCCON                            0000008F
OSCTUNE                           00000090
OSFIE                             00000007
OSFIF                             00000007
OSTS                              00000003
P                                 00000004
P1M0                              00000006
P1M1                              00000007
PCL                               00000002
PCLATH                            0000000A
PCON                              0000008E
PDC0                              00000000
PDC1                              00000001
PDC2                              00000002
PDC3                              00000003
PDC4                              00000004
PDC5                              00000005
PDC6                              00000006
PEIE                              00000006
PEN                               00000002
PIE1                              0000008C
PIE2                              0000008D
PIR1                              0000000C
PIR2                              0000000D
POP                               0000001E
PORTA                             00000005
PORTB                             00000006
PORTC                             00000007
PORTD                             00000008
PORTE                             00000009
POT1                              00000007
POT2                              00000008
POT3                              00000009
POT3S                             0000000A
POT4                              0000000C
POT4S                             0000000D
POTCONT                           0000000B
PR2                               00000092
PROBAR1                           00000003
PROBAR2                           00000004
PRSEN                             00000007
PS0                               00000000
PS1                               00000001
PS2                               00000002
PSA                               00000003
PSSAC0                            00000002
PSSAC1                            00000003
PSSBD0                            00000000
PSSBD1                            00000001
PSTRCON                           0000009D
PULSR                             00000002
PULSS                             00000003
MPASM 5.77                         BRAZO.ASM   11-11-2018  23:23:40         PAGE 13


SYMBOL TABLE
  LABEL                             VALUE 

PUSH                              00000004
PWM1CON                           0000009B
R                                 00000002
RA0                               00000000
RA1                               00000001
RA2                               00000002
RA3                               00000003
RA4                               00000004
RA5                               00000005
RA6                               00000006
RA7                               00000007
RB0                               00000000
RB1                               00000001
RB2                               00000002
RB3                               00000003
RB4                               00000004
RB5                               00000005
RB6                               00000006
RB7                               00000007
RBIE                              00000003
RBIF                              00000000
RC0                               00000000
RC1                               00000001
RC2                               00000002
RC3                               00000003
RC4                               00000004
RC5                               00000005
RC6                               00000006
RC7                               00000007
RC8_9                             00000006
RC9                               00000006
RCD8                              00000000
RCEN                              00000003
RCIDL                             00000006
RCIE                              00000005
RCIF                              00000005
RCREG                             0000001A
RCSTA                             00000018
RD                                00000000
RD0                               00000000
RD1                               00000001
RD2                               00000002
RD3                               00000003
RD4                               00000004
RD5                               00000005
RD6                               00000006
RD7                               00000007
RE0                               00000000
RE1                               00000001
RE2                               00000002
RE3                               00000003
READ_WRITE                        00000002
RP0                               00000005
MPASM 5.77                         BRAZO.ASM   11-11-2018  23:23:40         PAGE 14


SYMBOL TABLE
  LABEL                             VALUE 

RP1                               00000006
RSEN                              00000001
RX9                               00000006
RX9D                              00000000
R_NOT_W                           00000002
R_W                               00000002
S                                 00000003
SBOREN                            00000004
SCKP                              00000004
SCS                               00000000
SEN                               00000000
SENDB                             00000003
SERVO                             00000015
SMP                               00000007
SPBRG                             00000099
SPBRGH                            0000009A
SPEN                              00000007
SR0                               00000006
SR1                               00000007
SRCON                             00000185
SREN                              00000005
SSPADD                            00000093
SSPBUF                            00000013
SSPCON                            00000014
SSPCON2                           00000091
SSPEN                             00000005
SSPIE                             00000003
SSPIF                             00000003
SSPM0                             00000000
SSPM1                             00000001
SSPM2                             00000002
SSPM3                             00000003
SSPMSK                            00000093
SSPOV                             00000006
SSPSTAT                           00000094
START                             00000000
STATUS                            00000003
STATUS_TEMP                       00000001
STRA                              00000000
STRB                              00000001
STRC                              00000002
STRD                              00000003
STRSYNC                           00000004
SWDTEN                            00000000
SYNC                              00000004
T0CS                              00000005
T0IE                              00000005
T0IF                              00000002
T0SE                              00000004
T1CKPS0                           00000004
T1CKPS1                           00000005
T1CON                             00000010
T1GINV                            00000007
MPASM 5.77                         BRAZO.ASM   11-11-2018  23:23:40         PAGE 15


SYMBOL TABLE
  LABEL                             VALUE 

T1GIV                             00000007
T1GSS                             00000001
T1INSYNC                          00000002
T1OSCEN                           00000003
T1SYNC                            00000002
T2CKPS0                           00000000
T2CKPS1                           00000001
T2CON                             00000012
TMR0                              00000001
TMR0IE                            00000005
TMR0IF                            00000002
TMR1                              0000000E
TMR1CS                            00000001
TMR1GE                            00000006
TMR1H                             0000000F
TMR1IE                            00000000
TMR1IF                            00000000
TMR1L                             0000000E
TMR1ON                            00000000
TMR2                              00000011
TMR2IE                            00000001
TMR2IF                            00000001
TMR2ON                            00000002
TOUTPS0                           00000003
TOUTPS1                           00000004
TOUTPS2                           00000005
TOUTPS3                           00000006
TRISA                             00000085
TRISA0                            00000000
TRISA1                            00000001
TRISA2                            00000002
TRISA3                            00000003
TRISA4                            00000004
TRISA5                            00000005
TRISA6                            00000006
TRISA7                            00000007
TRISB                             00000086
TRISB0                            00000000
TRISB1                            00000001
TRISB2                            00000002
TRISB3                            00000003
TRISB4                            00000004
TRISB5                            00000005
TRISB6                            00000006
TRISB7                            00000007
TRISC                             00000087
TRISC0                            00000000
TRISC1                            00000001
TRISC2                            00000002
TRISC3                            00000003
TRISC4                            00000004
TRISC5                            00000005
TRISC6                            00000006
MPASM 5.77                         BRAZO.ASM   11-11-2018  23:23:40         PAGE 16


SYMBOL TABLE
  LABEL                             VALUE 

TRISC7                            00000007
TRISD                             00000088
TRISD0                            00000000
TRISD1                            00000001
TRISD2                            00000002
TRISD3                            00000003
TRISD4                            00000004
TRISD5                            00000005
TRISD6                            00000006
TRISD7                            00000007
TRISE                             00000089
TRISE0                            00000000
TRISE1                            00000001
TRISE2                            00000002
TRISE3                            00000003
TRMT                              00000001
TUN0                              00000000
TUN1                              00000001
TUN2                              00000002
TUN3                              00000003
TUN4                              00000004
TX8_9                             00000006
TX9                               00000006
TX9D                              00000000
TXD8                              00000000
TXEN                              00000005
TXIE                              00000004
TXIF                              00000004
TXREG                             00000019
TXSTA                             00000098
UA                                00000001
ULPWUE                            00000005
ULPWUIE                           00000002
ULPWUIF                           00000002
VCFG0                             00000004
VCFG1                             00000005
VR0                               00000000
VR1                               00000001
VR2                               00000002
VR3                               00000003
VRCON                             00000097
VREN                              00000007
VROE                              00000006
VRR                               00000005
VRSS                              00000004
W                                 00000000
WCOL                              00000007
WDTCON                            00000105
WDTPS0                            00000001
WDTPS1                            00000002
WDTPS2                            00000003
WDTPS3                            00000004
WPUB                              00000095
MPASM 5.77                         BRAZO.ASM   11-11-2018  23:23:40         PAGE 17


SYMBOL TABLE
  LABEL                             VALUE 

WPUB0                             00000000
WPUB1                             00000001
WPUB2                             00000002
WPUB3                             00000003
WPUB4                             00000004
WPUB5                             00000005
WPUB6                             00000006
WPUB7                             00000007
WR                                00000001
WREN                              00000002
WRERR                             00000003
WUE                               00000001
W_TEMP                            00000000
Z                                 00000002
_BOR21V                           00003EFF
_BOR40V                           00003FFF
_BOR4V_BOR21V                     00003EFF
_BOR4V_BOR40V                     00003FFF
_BOREN_NSLEEP                     00003EFF
_BOREN_OFF                        00003CFF
_BOREN_ON                         00003FFF
_BOREN_SBODEN                     00003DFF
_BOR_NSLEEP                       00003EFF
_BOR_OFF                          00003CFF
_BOR_ON                           00003FFF
_BOR_SBODEN                       00003DFF
_CONFIG1                          00002007
_CONFIG2                          00002008
_CPD_OFF                          00003FFF
_CPD_ON                           00003F7F
_CP_OFF                           00003FFF
_CP_ON                            00003FBF
_DEBUG_OFF                        00003FFF
_DEBUG_ON                         00001FFF
_DEVID1                           00002006
_EC_OSC                           00003FFB
_EXTRC                            00003FFF
_EXTRCIO                          00003FFE
_EXTRC_OSC_CLKOUT                 00003FFF
_EXTRC_OSC_NOCLKOUT               00003FFE
_FCMEN_OFF                        000037FF
_FCMEN_ON                         00003FFF
_FOSC_EC                          00003FFB
_FOSC_EXTRC_CLKOUT                00003FFF
_FOSC_EXTRC_NOCLKOUT              00003FFE
_FOSC_HS                          00003FFA
_FOSC_INTRC_CLKOUT                00003FFD
_FOSC_INTRC_NOCLKOUT              00003FFC
_FOSC_LP                          00003FF8
_FOSC_XT                          00003FF9
_HS_OSC                           00003FFA
_IDLOC0                           00002000
_IDLOC1                           00002001
MPASM 5.77                         BRAZO.ASM   11-11-2018  23:23:40         PAGE 18


SYMBOL TABLE
  LABEL                             VALUE 

_IDLOC2                           00002002
_IDLOC3                           00002003
_IESO_OFF                         00003BFF
_IESO_ON                          00003FFF
_INTOSC                           00003FFD
_INTOSCIO                         00003FFC
_INTRC_OSC_CLKOUT                 00003FFD
_INTRC_OSC_NOCLKOUT               00003FFC
_LP_OSC                           00003FF8
_LVP_OFF                          00002FFF
_LVP_ON                           00003FFF
_MAIN_PROG_000B                   0000000B
_MAIN_PROG_001D                   0000001D
_MAIN_PROG_008E                   0000008E
_MAIN_PROG_0093                   00000093
_MCLRE_OFF                        00003FDF
_MCLRE_ON                         00003FFF
_PWRTE_OFF                        00003FFF
_PWRTE_ON                         00003FEF
_WDTE_OFF                         00003FF7
_WDTE_ON                          00003FFF
_WDT_OFF                          00003FF7
_WDT_ON                           00003FFF
_WRT_1FOURTH                      00003BFF
_WRT_256                          00003DFF
_WRT_HALF                         000039FF
_WRT_OFF                          00003FFF
_XT_OSC                           00003FF9
__16F887                          00000001

Errors   :     0
Warnings :     3 reported,     0 suppressed
Messages :    32 reported,     0 suppressed

