MPASM 5.77                         BRAZO.ASM   11-21-2018  16:54:31         PAGE  1


LOC  OBJECT CODE     LINE SOURCE TEXT
  VALUE

                      00001 ;***************************
                      00002 ;                                                                              *
                      00003 ;    Filename:    Serial.asm
                      00004 ;    Autor: José Eduardo Morales                                        
                      00005 ;    Description: EJEMPLO de serial y ADC                                      *
                      00006 ;   El código convierte un valor del adc y lo guarda en el puerto b. A la vez
                      00007 ;   lo envía a través del TX. También recibe un dato y este lo muestra en el 
                      00008 ;   puerto d. Para ver funcionar ambos se puede colocar un jumper entre rx y tx
                      00009 ;***************************
                      00010 #include "p16f887.inc"
                      00001         LIST
                      00002 
                      00003 ;==========================================================================
                      00004 ; Build date : Nov 22 2017
                      00005 ;  MPASM PIC16F887 processor include
                      00006 ; 
                      00007 ;  (c) Copyright 1999-2017 Microchip Technology, All rights reserved
                      00008 ;==========================================================================
                      00009 
                      00810         LIST
                      00011 
                      00012 ; CONFIG1
                      00013 ; __config 0xE0F4
2007   20D4           00014  __CONFIG _CONFIG1, _FOSC_INTRC_NOCLKOUT & _WDTE_OFF & _PWRTE_OFF & _MCLRE_OFF & _CP_OFF & _CPD_OFF & _B
                            OREN_OFF & _IESO_OFF & _FCMEN_OFF & _LVP_OFF
                      00015 ; CONFIG2
                      00016 ; __config 0xFFFF
2008   3FFF           00017  __CONFIG _CONFIG2, _BOR4V_BOR40V & _WRT_OFF
                      00018 ;***************************
                      00019 GPR_VAR        UDATA
0000                  00020 W_TEMP         RES        1      ; w register for context saving (ACCESS)
0001                  00021 STATUS_TEMP    RES        1      ; status used for context saving
0002                  00022 LEIDO          RES        1
0003                  00023 PROBAR1        RES        1
0004                  00024 PROBAR2        RES        1
0005                  00025 DELAY1         RES        1
0006                  00026 DELAY2         RES        1
0007                  00027 POT1           RES        1
0008                  00028 POT2           RES        1
0009                  00029 POT3           RES        1
000A                  00030 POT3S          RES        1
000B                  00031 POTCONT        RES        1            
000C                  00032 POT4           RES        1
000D                  00033 POT4S          RES        1
000E                  00034 SERVO RES 1
                      00035 ;***************************
                      00036 ; Reset Vector
                      00037 ;***************************
                      00038 
                      00039 RES_VECT  CODE    0x0000            ; processor reset vector
0000   2???           00040     GOTO    START                   ; go to beginning of program
                      00041 
                      00042 ISR_VECT  CODE    0x0004
MPASM 5.77                         BRAZO.ASM   11-21-2018  16:54:31         PAGE  2


LOC  OBJECT CODE     LINE SOURCE TEXT
  VALUE

                      00043   
Warning[207]: Found label after column 1. (PUSH)
0004                  00044     PUSH:
0004   00??           00045     MOVWF W_TEMP
0005   0E03           00046     SWAPF STATUS,W
0006   00??           00047     MOVWF STATUS_TEMP
Warning[207]: Found label after column 1. (ISR)
0007                  00048   ISR:
0007   110B           00049     BCF INTCON, T0IF
0008   30F2           00050     MOVLW .242
0009   0081           00051     MOVWF TMR0
000A   3004           00052     MOVLW .4
000B   07??           00053     ADDWF POTCONT,1
000C   08??           00054     MOVF POT3,0
000D   02??           00055     SUBWF   POTCONT,0
000E   1803           00056     BTFSC STATUS,C
000F   1006           00057     BCF PORTB,0
0010   1C03           00058     BTFSS STATUS,C
0011   1406           00059     BSF PORTB,0
                      00060     
0012   08??           00061     MOVF POT4,0
0013   02??           00062     SUBWF   POTCONT,0
0014   1803           00063     BTFSC STATUS,C
0015   1086           00064     BCF PORTB,1
0016   1C03           00065     BTFSS STATUS,C
0017   1486           00066     BSF PORTB,1
                      00067     
                      00068     
                      00069     
Warning[207]: Found label after column 1. (POP)
0018                  00070   POP:
0018   0E??           00071     SWAPF STATUS_TEMP,W
0019   0083           00072     MOVWF STATUS
001A   0E??           00073     SWAPF W_TEMP,F
001B   0E??           00074     SWAPF W_TEMP,W
001C   0009           00075     RETFIE      
                      00076     
                      00077     
                      00078 ;***************************
                      00079 ; MAIN PROGRAM
                      00080 ;***************************
                      00081 
                      00082 MAIN_PROG CODE                      ; let linker place main program
                      00083 
0000                  00084 START
                      00085 ;***************************
0000   2???           00086     CALL    CONFIG_RELOJ                ; RELOJ INTERNO DE 500KHz
0001   2???           00087     CALL    CONFIG_IO
0002   2???           00088     CALL    CONFIG_PWM
0003   2???           00089     CALL    CONFIG_TX_RX                ; 10417hz
0004   2???           00090     CALL    CONFIG_ADC                  ; canal 0, fosc/8, adc on, justificado a la izquierda, Vref inte
                            rno (0-5V)
0005   2???           00091     CALL    CONFIG_TMR0
MPASM 5.77                         BRAZO.ASM   11-21-2018  16:54:31         PAGE  3


LOC  OBJECT CODE     LINE SOURCE TEXT
  VALUE

0006   1283 1303      00092     BANKSEL PORTA
0008   01??           00093     CLRF SERVO
                      00094 ;***************************
                      00095    
                      00096 ;***************************
                      00097 ; CICLO INFINITO
                      00098 ;***************************
0009                  00099 LOOP:
0009   2???           00100     CALL    DELAY_50MS
000A   149F           00101     BSF     ADCON0, GO              ; EMPIEZA LA CONVERSIÓN
000B                  00102 CHECK_AD:
000B   189F           00103     BTFSC   ADCON0, GO                  ; revisa que terminó la conversión
000C   2???           00104     GOTO    $-1
000D   130C           00105     BCF     PIR1, ADIF                  ; borramos la bandera del adc
000E   081E           00106     MOVF    ADRESH, W
000F   00??           00107     MOVWF LEIDO
                      00108 
0010                  00109 CHECK_RCIF:                         ; RECIBE EN RX y lo muestra en PORTD
0010   1E8C           00110     BTFSS   PIR1, RCIF
0011   2???           00111     GOTO    CHECK_TXIF
0012   081A           00112     MOVF    RCREG, W
                      00113 
0013   00??           00114     MOVWF   PROBAR1
0014   0C??           00115     RRF     PROBAR1, 0
0015   00??           00116     MOVWF   PROBAR2
0016   0C??           00117     RRF     PROBAR2,0
0017   393F           00118     ANDLW   B'00111111'
0018   00??           00119     MOVWF PROBAR2
                      00120     
0019   08??           00121     MOVF SERVO,0
001A   0782           00122     ADDWF PCL,1
                      00123     
001B   2???           00124     GOTO SERVO0
001C   2???           00125     GOTO SERVO1
001D   2???           00126     GOTO SERVO2
001E   2???           00127     GOTO SERVO3
                      00128     
001F                  00129 CHECK_TXIF: 
001F   08??           00130     MOVF    LEIDO,W                 ; ENVÍA PORTB POR EL TX
0020   0099           00131     MOVWF   TXREG
                      00132    
0021   1E0C           00133     BTFSS   PIR1, TXIF
0022   2???           00134     GOTO    $-1
                      00135     
                      00136 
Warning[203]: Found opcode in column 1. (GOTO)
0023   2???           00137 GOTO LOOP
                      00138     
                      00139     
0024                  00140 SERVO0:
Message[305]: Using default destination of 1 (file).
0024   0A??           00141     INCF SERVO
0025   151F           00142     BSF ADCON0,2
MPASM 5.77                         BRAZO.ASM   11-21-2018  16:54:31         PAGE  4


LOC  OBJECT CODE     LINE SOURCE TEXT
  VALUE

0026   08??           00143     MOVF PROBAR2,0
0027   0095           00144     MOVWF CCPR1L
0028   2???           00145     GOTO CHECK_TXIF
                      00146 
0029                  00147 SERVO1:
Message[305]: Using default destination of 1 (file).
0029   0A??           00148     INCF SERVO
002A   159F           00149     BSF ADCON0,3
002B   111F           00150     BCF ADCON0,2
002C   08??           00151     MOVF PROBAR2,0
002D   009B           00152     MOVWF CCPR2L
002E   1506           00153     BSF PORTB,2
002F   2???           00154     GOTO CHECK_TXIF
                      00155 
0030                  00156 SERVO2:
Message[305]: Using default destination of 1 (file).
0030   0A??           00157     INCF SERVO
0031   151F           00158     BSF ADCON0,2
0032   08??           00159     MOVF PROBAR2,0
0033   00??           00160     MOVWF POT3
0034   2???           00161     GOTO CHECK_TXIF
                      00162     
0035                  00163 SERVO3:
0035   01??           00164     CLRF SERVO
0036   111F           00165     BCF ADCON0,2
0037   119F           00166     BCF ADCON0,3
0038   08??           00167     MOVF PROBAR2,0
0039   00??           00168     MOVWF POT4
003A   2???           00169     GOTO CHECK_TXIF
003B   1106           00170     BCF PORTB,2
003C   2???           00171     GOTO LOOP
                      00172 ;***************************
                      00173 ;*************************** 
                      00174 ;***************************    
003D                  00175 CONFIG_RELOJ
003D   1683 1303      00176     BANKSEL TRISA
                      00177     
Message[302]: Register in operand not in bank 0.  Ensure that bank bits are correct.
003F   170F           00178     BSF OSCCON, IRCF2
Message[302]: Register in operand not in bank 0.  Ensure that bank bits are correct.
0040   128F           00179     BCF OSCCON, IRCF1
Message[302]: Register in operand not in bank 0.  Ensure that bank bits are correct.
0041   120F           00180     BCF OSCCON, IRCF0               ; FRECUECNIA DE 1MHz
                      00181 
0042   0008           00182     RETURN
                      00183  
                      00184  ;--------------------------------------------------------
0043                  00185 CONFIG_TX_RX
0043   1683 1303      00186     BANKSEL TXSTA
Message[302]: Register in operand not in bank 0.  Ensure that bank bits are correct.
0045   1218           00187     BCF     TXSTA, SYNC             ; ASINCRÓNO
Message[302]: Register in operand not in bank 0.  Ensure that bank bits are correct.
0046   1518           00188     BSF     TXSTA, BRGH             ; LOW SPEED
MPASM 5.77                         BRAZO.ASM   11-21-2018  16:54:31         PAGE  5


LOC  OBJECT CODE     LINE SOURCE TEXT
  VALUE

0047   1683 1703      00189     BANKSEL BAUDCTL
Message[302]: Register in operand not in bank 0.  Ensure that bank bits are correct.
0049   1587           00190     BSF     BAUDCTL, BRG16          ; 8 BITS BAURD RATE GENERATOR
004A   1683 1303      00191     BANKSEL SPBRG
004C   3019           00192     MOVLW   .25     
Message[302]: Register in operand not in bank 0.  Ensure that bank bits are correct.
004D   0099           00193     MOVWF   SPBRG                   ; CARGAMOS EL VALOR DE BAUDRATE CALCULADO
Message[302]: Register in operand not in bank 0.  Ensure that bank bits are correct.
004E   019A           00194     CLRF    SPBRGH
004F   1283 1303      00195     BANKSEL RCSTA
0051   1798           00196     BSF     RCSTA, SPEN             ; HABILITAR SERIAL PORT
0052   1318           00197     BCF     RCSTA, RX9              ; SOLO MANEJAREMOS 8BITS DE DATOS
0053   1618           00198     BSF     RCSTA, CREN             ; HABILITAMOS LA RECEPCIÓN 
0054   1683 1303      00199     BANKSEL TXSTA
Message[302]: Register in operand not in bank 0.  Ensure that bank bits are correct.
0056   1698           00200     BSF     TXSTA, TXEN             ; HABILITO LA TRANSMISION
                      00201     
0057   1283 1303      00202     BANKSEL PORTD
0059   0188           00203     CLRF    PORTD
005A   0008           00204     RETURN
                      00205 ;--------------------------------------
005B                  00206 CONFIG_IO
005B   1683 1303      00207     BANKSEL TRISA
Message[302]: Register in operand not in bank 0.  Ensure that bank bits are correct.
005D   0185           00208     CLRF    TRISA
Message[302]: Register in operand not in bank 0.  Ensure that bank bits are correct.
005E   0186           00209     CLRF    TRISB
Message[302]: Register in operand not in bank 0.  Ensure that bank bits are correct.
005F   0187           00210     CLRF    TRISC
Message[302]: Register in operand not in bank 0.  Ensure that bank bits are correct.
0060   0188           00211     CLRF    TRISD
Message[302]: Register in operand not in bank 0.  Ensure that bank bits are correct.
0061   0189           00212     CLRF    TRISE
0062   1683 1703      00213     BANKSEL ANSEL
Message[302]: Register in operand not in bank 0.  Ensure that bank bits are correct.
0064   0188           00214     CLRF    ANSEL
Message[302]: Register in operand not in bank 0.  Ensure that bank bits are correct.
0065   0189           00215     CLRF    ANSELH
0066   1283 1303      00216     BANKSEL PORTA
0068   0185           00217     CLRF    PORTA
0069   0186           00218     CLRF    PORTB
006A   0187           00219     CLRF    PORTC
006B   0188           00220     CLRF    PORTD
006C   0189           00221     CLRF    PORTE
006D   0008           00222     RETURN    
                      00223 ;--------------------------------------
006E                  00224 CONFIG_PWM
006E   30FF           00225     MOVLW   D'255'
Message[302]: Register in operand not in bank 0.  Ensure that bank bits are correct.
006F   0092           00226     MOVWF   PR2
0070   0195           00227     CLRF    CCPR1L
0071   303C           00228     MOVLW   B'00111100'
0072   0097           00229     MOVWF   CCP1CON
MPASM 5.77                         BRAZO.ASM   11-21-2018  16:54:31         PAGE  6


LOC  OBJECT CODE     LINE SOURCE TEXT
  VALUE

0073   019B           00230     CLRF    CCPR2L
0074   300F           00231     MOVLW   B'00001111'
0075   009D           00232     MOVWF   CCP2CON
0076   0189           00233     CLRF    PORTE
0077   0187           00234     CLRF    PORTC
0078   3041           00235     MOVLW   B'01000001'
0079   009F           00236     MOVWF   ADCON0
007A   1283 1303      00237     BANKSEL PORTC
007C   3006           00238     MOVLW   B'00000110'
007D   0092           00239     MOVWF   T2CON
007E   0008           00240     RETURN 
                      00241 ;-----------------------------------------------
007F                  00242 CONFIG_ADC
007F   1283 1303      00243     BANKSEL PORTA
0081   139F           00244     BCF ADCON0, ADCS1 
0082   171F           00245     BSF ADCON0, ADCS0           ; FOSC/8 RELOJ TAD
                      00246     
0083   129F           00247     BCF ADCON0, CHS3            ; CH0
0084   121F           00248     BCF ADCON0, CHS2
0085   119F           00249     BCF ADCON0, CHS1
0086   111F           00250     BCF ADCON0, CHS0    
0087   1683 1303      00251     BANKSEL TRISA
Message[302]: Register in operand not in bank 0.  Ensure that bank bits are correct.
0089   139F           00252     BCF ADCON1, ADFM            ; JUSTIFICACIÓN A LA IZQUIERDA
Message[302]: Register in operand not in bank 0.  Ensure that bank bits are correct.
008A   129F           00253     BCF ADCON1, VCFG1           ; VSS COMO REFERENCIA VREF-
Message[302]: Register in operand not in bank 0.  Ensure that bank bits are correct.
008B   121F           00254     BCF ADCON1, VCFG0           ; VDD COMO REFERENCIA VREF+
008C   1283 1303      00255     BANKSEL PORTA
008E   141F           00256     BSF ADCON0, ADON            ; ENCIENDO EL MÓDULO ADC
                      00257     
008F   1683 1303      00258     BANKSEL TRISA
Message[302]: Register in operand not in bank 0.  Ensure that bank bits are correct.
0091   1405           00259     BSF     TRISA, RA0          ; RA0 COMO ENTRADA
Message[302]: Register in operand not in bank 0.  Ensure that bank bits are correct.
0092   1485           00260     BSF     TRISA, RA1
Message[302]: Register in operand not in bank 0.  Ensure that bank bits are correct.
0093   1505           00261     BSF     TRISA, RA2
Message[302]: Register in operand not in bank 0.  Ensure that bank bits are correct.
0094   1585           00262     BSF     TRISA, RA3
0095   1683 1703      00263     BANKSEL ANSEL
Message[302]: Register in operand not in bank 0.  Ensure that bank bits are correct.
0097   1408           00264     BSF     ANSEL, 0            ; ANS0 COMO ENTRADA ANALÓGICA
                      00265     
0098   0008           00266     RETURN
                      00267 ;-----------------------------------------------
0099                  00268 CONFIG_TMR0
0099   1683           00269     BSF STATUS, RP0
009A   1303           00270     BCF STATUS, RP1         ; CAMBIAMOS AL BANCO 1
                      00271     
Message[302]: Register in operand not in bank 0.  Ensure that bank bits are correct.
009B   1281           00272     BCF OPTION_REG, T0CS    ; SELECCIONAMOS TMR0 COMO TEMPORIZADOR
Message[302]: Register in operand not in bank 0.  Ensure that bank bits are correct.
MPASM 5.77                         BRAZO.ASM   11-21-2018  16:54:31         PAGE  7


LOC  OBJECT CODE     LINE SOURCE TEXT
  VALUE

009C   1181           00273     BCF OPTION_REG, PSA     ; ASIGNAMOS PRESCALER A TMR0
                      00274     
Message[302]: Register in operand not in bank 0.  Ensure that bank bits are correct.
009D   1101           00275     BCF OPTION_REG, PS2
Message[302]: Register in operand not in bank 0.  Ensure that bank bits are correct.
009E   1081           00276     BCF OPTION_REG, PS1
Message[302]: Register in operand not in bank 0.  Ensure that bank bits are correct.
009F   1001           00277     BCF OPTION_REG, PS0     ; PRESCALER DE 2
                      00278     
00A0   1283           00279     BCF STATUS, RP0
00A1   1303           00280     BCF STATUS, RP1         ; CAMBIAMOS AL BANCO 0
                      00281     
00A2   178B           00282     BSF  INTCON, GIE
00A3   168B           00283     BSF  INTCON, T0IE
00A4   130B           00284     BCF  INTCON, PEIE
00A5   110B           00285     BCF INTCON, T0IF        ; APAGO LA BANDERA DE INTERRUPCION DEL TMR0
                      00286     
00A6   30F2           00287     MOVLW .242
00A7   0081           00288     MOVWF TMR0  
00A8   0008           00289     RETURN
                      00290     
                      00291     
                      00292     
                      00293     
                      00294     
                      00295     
                      00296 ;------------------------------------------------
                      00297     
00A9                  00298 DELAY_50MS
00A9   3002           00299     MOVLW   .2      ; 1US 
00AA   00??           00300     MOVWF   DELAY2
00AB   2???           00301     CALL    DELAY_500US
Message[305]: Using default destination of 1 (file).
00AC   0B??           00302     DECFSZ  DELAY2                  ;DECREMENTA CONT1
00AD   2???           00303     GOTO    $-2                     ; IR A LA POSICION DEL PC - 1
00AE   0008           00304     RETURN
                      00305     
00AF                  00306 DELAY_500US
00AF   30FA           00307     MOVLW   .250                    ; 1US 
00B0   00??           00308     MOVWF   DELAY1          
Message[305]: Using default destination of 1 (file).
00B1   0B??           00309     DECFSZ  DELAY1                  ;DECREMENTA CONT1
00B2   2???           00310     GOTO    $-1                     ; IR A LA POSICION DEL PC - 1
00B3   0008           00311     RETURN
                      00312 
                      00313     
20D4 3FFF             00314     END
MPASM 5.77                         BRAZO.ASM   11-21-2018  16:54:31         PAGE  8


SYMBOL TABLE
  LABEL                             VALUE 

ABDEN                             00000000
ABDOVF                            00000007
ACKDT                             00000005
ACKEN                             00000004
ACKSTAT                           00000006
ADCON0                            0000001F
ADCON1                            0000009F
ADCS0                             00000006
ADCS1                             00000007
ADDEN                             00000003
ADFM                              00000007
ADIE                              00000006
ADIF                              00000006
ADON                              00000000
ADRESH                            0000001E
ADRESL                            0000009E
ANS0                              00000000
ANS1                              00000001
ANS10                             00000002
ANS11                             00000003
ANS12                             00000004
ANS13                             00000005
ANS2                              00000002
ANS3                              00000003
ANS4                              00000004
ANS5                              00000005
ANS6                              00000006
ANS7                              00000007
ANS8                              00000000
ANS9                              00000001
ANSEL                             00000188
ANSELH                            00000189
BAUDCTL                           00000187
BCLIE                             00000003
BCLIF                             00000003
BF                                00000000
BRG0                              00000000
BRG1                              00000001
BRG10                             00000002
BRG11                             00000003
BRG12                             00000004
BRG13                             00000005
BRG14                             00000006
BRG15                             00000007
BRG16                             00000003
BRG2                              00000002
BRG3                              00000003
BRG4                              00000004
BRG5                              00000005
BRG6                              00000006
BRG7                              00000007
BRG8                              00000000
BRG9                              00000001
MPASM 5.77                         BRAZO.ASM   11-21-2018  16:54:31         PAGE  9


SYMBOL TABLE
  LABEL                             VALUE 

BRGH                              00000002
C                                 00000000
C1CH0                             00000000
C1CH1                             00000001
C1IE                              00000005
C1IF                              00000005
C1OE                              00000005
C1ON                              00000007
C1OUT                             00000006
C1POL                             00000004
C1R                               00000002
C1RSEL                            00000005
C1SEN                             00000005
C2CH0                             00000000
C2CH1                             00000001
C2IE                              00000006
C2IF                              00000006
C2OE                              00000005
C2ON                              00000007
C2OUT                             00000006
C2POL                             00000004
C2R                               00000002
C2REN                             00000004
C2RSEL                            00000004
C2SYNC                            00000000
CCP1CON                           00000017
CCP1IE                            00000002
CCP1IF                            00000002
CCP1M0                            00000000
CCP1M1                            00000001
CCP1M2                            00000002
CCP1M3                            00000003
CCP1X                             00000005
CCP1Y                             00000004
CCP2CON                           0000001D
CCP2IE                            00000000
CCP2IF                            00000000
CCP2M0                            00000000
CCP2M1                            00000001
CCP2M2                            00000002
CCP2M3                            00000003
CCP2X                             00000005
CCP2Y                             00000004
CCPR1                             00000015
CCPR1H                            00000016
CCPR1L                            00000015
CCPR2                             0000001B
CCPR2H                            0000001C
CCPR2L                            0000001B
CHECK_AD                          0000000B
CHECK_RCIF                        00000010
CHECK_TXIF                        0000001F
CHS0                              00000002
MPASM 5.77                         BRAZO.ASM   11-21-2018  16:54:31         PAGE 10


SYMBOL TABLE
  LABEL                             VALUE 

CHS1                              00000003
CHS2                              00000004
CHS3                              00000005
CKE                               00000006
CKP                               00000004
CM1CON0                           00000107
CM2CON0                           00000108
CM2CON1                           00000109
CONFIG_ADC                        0000007F
CONFIG_IO                         0000005B
CONFIG_PWM                        0000006E
CONFIG_RELOJ                      0000003D
CONFIG_TMR0                       00000099
CONFIG_TX_RX                      00000043
CREN                              00000004
CSRC                              00000007
D                                 00000005
DATA_ADDRESS                      00000005
DC                                00000001
DC1B0                             00000004
DC1B1                             00000005
DC2B0                             00000004
DC2B1                             00000005
DELAY1                            00000005
DELAY2                            00000006
DELAY_500US                       000000AF
DELAY_50MS                        000000A9
D_A                               00000005
D_NOT_A                           00000005
ECCPAS                            0000009C
ECCPAS0                           00000004
ECCPAS1                           00000005
ECCPAS2                           00000006
ECCPASE                           00000007
EEADR                             0000010D
EEADRH                            0000010F
EECON1                            0000018C
EECON2                            0000018D
EEDAT                             0000010C
EEDATA                            0000010C
EEDATH                            0000010E
EEIE                              00000004
EEIF                              00000004
EEPGD                             00000007
F                                 00000001
FERR                              00000002
FSR                               00000004
FVREN                             00000000
GCEN                              00000007
GIE                               00000007
GO                                00000001
GO_DONE                           00000001
GO_NOT_DONE                       00000001
MPASM 5.77                         BRAZO.ASM   11-21-2018  16:54:31         PAGE 11


SYMBOL TABLE
  LABEL                             VALUE 

HTS                               00000002
I2C_DATA                          00000005
I2C_READ                          00000002
I2C_START                         00000003
I2C_STOP                          00000004
INDF                              00000000
INTCON                            0000000B
INTE                              00000004
INTEDG                            00000006
INTF                              00000001
IOCB                              00000096
IOCB0                             00000000
IOCB1                             00000001
IOCB2                             00000002
IOCB3                             00000003
IOCB4                             00000004
IOCB5                             00000005
IOCB6                             00000006
IOCB7                             00000007
IRCF0                             00000004
IRCF1                             00000005
IRCF2                             00000006
IRP                               00000007
ISR                               00000007
LEIDO                             00000002
LOOP                              00000009
LTS                               00000001
MC1OUT                            00000007
MC2OUT                            00000006
MSK                               00000093
MSK0                              00000000
MSK1                              00000001
MSK2                              00000002
MSK3                              00000003
MSK4                              00000004
MSK5                              00000005
MSK6                              00000006
MSK7                              00000007
NOT_A                             00000005
NOT_ADDRESS                       00000005
NOT_BO                            00000000
NOT_BOR                           00000000
NOT_DONE                          00000001
NOT_PD                            00000003
NOT_POR                           00000001
NOT_RBPU                          00000007
NOT_RC8                           00000006
NOT_T1SYNC                        00000002
NOT_TO                            00000004
NOT_TX8                           00000006
NOT_W                             00000002
NOT_WRITE                         00000002
OERR                              00000001
MPASM 5.77                         BRAZO.ASM   11-21-2018  16:54:31         PAGE 12


SYMBOL TABLE
  LABEL                             VALUE 

OPTION_REG                        00000081
OSCCON                            0000008F
OSCTUNE                           00000090
OSFIE                             00000007
OSFIF                             00000007
OSTS                              00000003
P                                 00000004
P1M0                              00000006
P1M1                              00000007
PCL                               00000002
PCLATH                            0000000A
PCON                              0000008E
PDC0                              00000000
PDC1                              00000001
PDC2                              00000002
PDC3                              00000003
PDC4                              00000004
PDC5                              00000005
PDC6                              00000006
PEIE                              00000006
PEN                               00000002
PIE1                              0000008C
PIE2                              0000008D
PIR1                              0000000C
PIR2                              0000000D
POP                               00000018
PORTA                             00000005
PORTB                             00000006
PORTC                             00000007
PORTD                             00000008
PORTE                             00000009
POT1                              00000007
POT2                              00000008
POT3                              00000009
POT3S                             0000000A
POT4                              0000000C
POT4S                             0000000D
POTCONT                           0000000B
PR2                               00000092
PROBAR1                           00000003
PROBAR2                           00000004
PRSEN                             00000007
PS0                               00000000
PS1                               00000001
PS2                               00000002
PSA                               00000003
PSSAC0                            00000002
PSSAC1                            00000003
PSSBD0                            00000000
PSSBD1                            00000001
PSTRCON                           0000009D
PULSR                             00000002
PULSS                             00000003
MPASM 5.77                         BRAZO.ASM   11-21-2018  16:54:31         PAGE 13


SYMBOL TABLE
  LABEL                             VALUE 

PUSH                              00000004
PWM1CON                           0000009B
R                                 00000002
RA0                               00000000
RA1                               00000001
RA2                               00000002
RA3                               00000003
RA4                               00000004
RA5                               00000005
RA6                               00000006
RA7                               00000007
RB0                               00000000
RB1                               00000001
RB2                               00000002
RB3                               00000003
RB4                               00000004
RB5                               00000005
RB6                               00000006
RB7                               00000007
RBIE                              00000003
RBIF                              00000000
RC0                               00000000
RC1                               00000001
RC2                               00000002
RC3                               00000003
RC4                               00000004
RC5                               00000005
RC6                               00000006
RC7                               00000007
RC8_9                             00000006
RC9                               00000006
RCD8                              00000000
RCEN                              00000003
RCIDL                             00000006
RCIE                              00000005
RCIF                              00000005
RCREG                             0000001A
RCSTA                             00000018
RD                                00000000
RD0                               00000000
RD1                               00000001
RD2                               00000002
RD3                               00000003
RD4                               00000004
RD5                               00000005
RD6                               00000006
RD7                               00000007
RE0                               00000000
RE1                               00000001
RE2                               00000002
RE3                               00000003
READ_WRITE                        00000002
RP0                               00000005
MPASM 5.77                         BRAZO.ASM   11-21-2018  16:54:31         PAGE 14


SYMBOL TABLE
  LABEL                             VALUE 

RP1                               00000006
RSEN                              00000001
RX9                               00000006
RX9D                              00000000
R_NOT_W                           00000002
R_W                               00000002
S                                 00000003
SBOREN                            00000004
SCKP                              00000004
SCS                               00000000
SEN                               00000000
SENDB                             00000003
SERVO                             0000000E
SERVO0                            00000024
SERVO1                            00000029
SERVO2                            00000030
SERVO3                            00000035
SMP                               00000007
SPBRG                             00000099
SPBRGH                            0000009A
SPEN                              00000007
SR0                               00000006
SR1                               00000007
SRCON                             00000185
SREN                              00000005
SSPADD                            00000093
SSPBUF                            00000013
SSPCON                            00000014
SSPCON2                           00000091
SSPEN                             00000005
SSPIE                             00000003
SSPIF                             00000003
SSPM0                             00000000
SSPM1                             00000001
SSPM2                             00000002
SSPM3                             00000003
SSPMSK                            00000093
SSPOV                             00000006
SSPSTAT                           00000094
START                             00000000
STATUS                            00000003
STATUS_TEMP                       00000001
STRA                              00000000
STRB                              00000001
STRC                              00000002
STRD                              00000003
STRSYNC                           00000004
SWDTEN                            00000000
SYNC                              00000004
T0CS                              00000005
T0IE                              00000005
T0IF                              00000002
T0SE                              00000004
MPASM 5.77                         BRAZO.ASM   11-21-2018  16:54:31         PAGE 15


SYMBOL TABLE
  LABEL                             VALUE 

T1CKPS0                           00000004
T1CKPS1                           00000005
T1CON                             00000010
T1GINV                            00000007
T1GIV                             00000007
T1GSS                             00000001
T1INSYNC                          00000002
T1OSCEN                           00000003
T1SYNC                            00000002
T2CKPS0                           00000000
T2CKPS1                           00000001
T2CON                             00000012
TMR0                              00000001
TMR0IE                            00000005
TMR0IF                            00000002
TMR1                              0000000E
TMR1CS                            00000001
TMR1GE                            00000006
TMR1H                             0000000F
TMR1IE                            00000000
TMR1IF                            00000000
TMR1L                             0000000E
TMR1ON                            00000000
TMR2                              00000011
TMR2IE                            00000001
TMR2IF                            00000001
TMR2ON                            00000002
TOUTPS0                           00000003
TOUTPS1                           00000004
TOUTPS2                           00000005
TOUTPS3                           00000006
TRISA                             00000085
TRISA0                            00000000
TRISA1                            00000001
TRISA2                            00000002
TRISA3                            00000003
TRISA4                            00000004
TRISA5                            00000005
TRISA6                            00000006
TRISA7                            00000007
TRISB                             00000086
TRISB0                            00000000
TRISB1                            00000001
TRISB2                            00000002
TRISB3                            00000003
TRISB4                            00000004
TRISB5                            00000005
TRISB6                            00000006
TRISB7                            00000007
TRISC                             00000087
TRISC0                            00000000
TRISC1                            00000001
TRISC2                            00000002
MPASM 5.77                         BRAZO.ASM   11-21-2018  16:54:31         PAGE 16


SYMBOL TABLE
  LABEL                             VALUE 

TRISC3                            00000003
TRISC4                            00000004
TRISC5                            00000005
TRISC6                            00000006
TRISC7                            00000007
TRISD                             00000088
TRISD0                            00000000
TRISD1                            00000001
TRISD2                            00000002
TRISD3                            00000003
TRISD4                            00000004
TRISD5                            00000005
TRISD6                            00000006
TRISD7                            00000007
TRISE                             00000089
TRISE0                            00000000
TRISE1                            00000001
TRISE2                            00000002
TRISE3                            00000003
TRMT                              00000001
TUN0                              00000000
TUN1                              00000001
TUN2                              00000002
TUN3                              00000003
TUN4                              00000004
TX8_9                             00000006
TX9                               00000006
TX9D                              00000000
TXD8                              00000000
TXEN                              00000005
TXIE                              00000004
TXIF                              00000004
TXREG                             00000019
TXSTA                             00000098
UA                                00000001
ULPWUE                            00000005
ULPWUIE                           00000002
ULPWUIF                           00000002
VCFG0                             00000004
VCFG1                             00000005
VR0                               00000000
VR1                               00000001
VR2                               00000002
VR3                               00000003
VRCON                             00000097
VREN                              00000007
VROE                              00000006
VRR                               00000005
VRSS                              00000004
W                                 00000000
WCOL                              00000007
WDTCON                            00000105
WDTPS0                            00000001
MPASM 5.77                         BRAZO.ASM   11-21-2018  16:54:31         PAGE 17


SYMBOL TABLE
  LABEL                             VALUE 

WDTPS1                            00000002
WDTPS2                            00000003
WDTPS3                            00000004
WPUB                              00000095
WPUB0                             00000000
WPUB1                             00000001
WPUB2                             00000002
WPUB3                             00000003
WPUB4                             00000004
WPUB5                             00000005
WPUB6                             00000006
WPUB7                             00000007
WR                                00000001
WREN                              00000002
WRERR                             00000003
WUE                               00000001
W_TEMP                            00000000
Z                                 00000002
_BOR21V                           00003EFF
_BOR40V                           00003FFF
_BOR4V_BOR21V                     00003EFF
_BOR4V_BOR40V                     00003FFF
_BOREN_NSLEEP                     00003EFF
_BOREN_OFF                        00003CFF
_BOREN_ON                         00003FFF
_BOREN_SBODEN                     00003DFF
_BOR_NSLEEP                       00003EFF
_BOR_OFF                          00003CFF
_BOR_ON                           00003FFF
_BOR_SBODEN                       00003DFF
_CONFIG1                          00002007
_CONFIG2                          00002008
_CPD_OFF                          00003FFF
_CPD_ON                           00003F7F
_CP_OFF                           00003FFF
_CP_ON                            00003FBF
_DEBUG_OFF                        00003FFF
_DEBUG_ON                         00001FFF
_DEVID1                           00002006
_EC_OSC                           00003FFB
_EXTRC                            00003FFF
_EXTRCIO                          00003FFE
_EXTRC_OSC_CLKOUT                 00003FFF
_EXTRC_OSC_NOCLKOUT               00003FFE
_FCMEN_OFF                        000037FF
_FCMEN_ON                         00003FFF
_FOSC_EC                          00003FFB
_FOSC_EXTRC_CLKOUT                00003FFF
_FOSC_EXTRC_NOCLKOUT              00003FFE
_FOSC_HS                          00003FFA
_FOSC_INTRC_CLKOUT                00003FFD
_FOSC_INTRC_NOCLKOUT              00003FFC
_FOSC_LP                          00003FF8
MPASM 5.77                         BRAZO.ASM   11-21-2018  16:54:31         PAGE 18


SYMBOL TABLE
  LABEL                             VALUE 

_FOSC_XT                          00003FF9
_HS_OSC                           00003FFA
_IDLOC0                           00002000
_IDLOC1                           00002001
_IDLOC2                           00002002
_IDLOC3                           00002003
_IESO_OFF                         00003BFF
_IESO_ON                          00003FFF
_INTOSC                           00003FFD
_INTOSCIO                         00003FFC
_INTRC_OSC_CLKOUT                 00003FFD
_INTRC_OSC_NOCLKOUT               00003FFC
_LP_OSC                           00003FF8
_LVP_OFF                          00002FFF
_LVP_ON                           00003FFF
_MAIN_PROG_000C                   0000000C
_MAIN_PROG_0022                   00000022
_MAIN_PROG_00AD                   000000AD
_MAIN_PROG_00B2                   000000B2
_MCLRE_OFF                        00003FDF
_MCLRE_ON                         00003FFF
_PWRTE_OFF                        00003FFF
_PWRTE_ON                         00003FEF
_WDTE_OFF                         00003FF7
_WDTE_ON                          00003FFF
_WDT_OFF                          00003FF7
_WDT_ON                           00003FFF
_WRT_1FOURTH                      00003BFF
_WRT_256                          00003DFF
_WRT_HALF                         000039FF
_WRT_OFF                          00003FFF
_XT_OSC                           00003FF9
__16F887                          00000001
__DEBUG                           
__MPLAB_DEBUGGER_SIMULATOR        1

Errors   :     0
Warnings :     4 reported,     0 suppressed
Messages :    35 reported,     0 suppressed

